2026-05-18 08:51:29,145 | INFO | PDFs encontrados en C:\Proyectos\Oficina Técnica\Modificación PDFs\eper_drawing_editor\input_pdfs: 1
2026-05-18 08:51:29,148 | INFO | Archivo de cambios: C:\Proyectos\Oficina Técnica\Modificación PDFs\eper_drawing_editor\config\config.toml
2026-05-18 08:51:29,148 | INFO | Cambios solicitados: fields=title, drawing_title, drawn, verified, reviewed, approved, control_plan_quality_specification update_sheet=True repair_a3_review_dates=False clean_revision_errors=False update_parent_drawing_numbers=True drw_number_color=green
2026-05-18 08:51:29,148 | INFO | Procesando archivo: A9BB0127276_R00_COLECCION.pdf
2026-05-18 08:51:29,470 | INFO | NUMERO PLANO: 17 DRW No. indexados, 28 referencias detectadas.
2026-05-18 08:51:29,470 | INFO | NUMERO PLANO: escrituras planificadas=23 exact_unique=22 exact_multiple=1 not_found=5
2026-05-18 08:51:29,470 | INFO | Pagina procesada: archivo=A9BB0127276_R00_COLECCION.pdf pagina=1/17 formato=A3_LANDSCAPE
2026-05-18 08:51:29,506 | INFO | NUMERO PLANO escrito: pagina=1 tabla=1 fila=1 referencia=A9BB0127276-100 -> paginas=3 estado=exact_unique redact=(1075.54, 45.79, 1128.94, 54.0) text_pos=(1101.13, 52.2) font_size=4.00
2026-05-18 08:51:29,527 | INFO | NUMERO PLANO escrito: pagina=1 tabla=1 fila=2 referencia=A9BB0127276-200 -> paginas=13 estado=exact_unique redact=(1075.54, 61.19, 1128.94, 69.4) text_pos=(1100.02, 67.6) font_size=4.00
2026-05-18 08:51:29,545 | INFO | NUMERO PLANO escrito: pagina=1 tabla=1 fila=3 referencia=A9BB0127276-300 -> paginas=16 estado=exact_unique redact=(1075.54, 76.59, 1128.94, 84.8) text_pos=(1100.02, 83.0) font_size=4.00
2026-05-18 08:51:29,565 | INFO | Campo escrito: title    valor='PRUEBA' redact=(928.0, 675.5, 1161.0, 694.0) text_pos=(930.0, 690.0) font_size=8.00
2026-05-18 08:51:29,582 | INFO | Campo escrito: drawing_title valor='PRUEBA' redact=(928.0, 704.0, 1161.0, 722.0) text_pos=(930.0, 718.0) font_size=8.00
2026-05-18 08:51:29,600 | INFO | Campo escrito: drawn    valor='PRUEBA' redact=(708.0, 757.2, 758.5, 769.6) text_pos=(708.5, 768.0) font_size=8.00
2026-05-18 08:51:29,615 | INFO | Campo escrito: verified valor='PRUEBA' redact=(708.0, 771.4, 758.5, 783.7) text_pos=(708.5, 782.2) font_size=8.00
2026-05-18 08:51:29,633 | INFO | Campo escrito: reviewed valor='PRUEBA' redact=(708.0, 785.6, 758.5, 797.8) text_pos=(708.5, 796.4) font_size=8.00
2026-05-18 08:51:29,648 | INFO | Campo escrito: approved valor='PRUEBA' redact=(708.0, 799.8, 758.5, 812.0) text_pos=(708.5, 810.5) font_size=8.00
2026-05-18 08:51:29,674 | INFO | Campo escrito: control_plan_quality_specification valor='123456' redact=(254.0, 112.7, 368.2, 128.4) text_pos=(297.71, 124.3) font_size=8.00
2026-05-18 08:51:29,692 | INFO | Campo escrito: sheet_no valor='1' redact=(1104.5, 733.0, 1119.0, 745.9) text_pos=(1109.53, 741.9) font_size=8.00
2026-05-18 08:51:29,709 | INFO | Campo escrito: sheet_total valor='17' redact=(1128.0, 733.0, 1144.0, 745.9) text_pos=(1131.55, 741.9) font_size=8.00
2026-05-18 08:51:29,709 | INFO | Pagina procesada: archivo=A9BB0127276_R00_COLECCION.pdf pagina=2/17 formato=A3_LANDSCAPE
2026-05-18 08:51:29,716 | INFO | Campo escrito: title    valor='PRUEBA' redact=(928.0, 675.5, 1161.0, 694.0) text_pos=(930.0, 690.0) font_size=8.00
2026-05-18 08:51:29,725 | INFO | Campo escrito: drawing_title valor='PRUEBA' redact=(928.0, 704.0, 1161.0, 722.0) text_pos=(930.0, 718.0) font_size=8.00
2026-05-18 08:51:29,725 | INFO | Campo escrito: drawn    valor='PRUEBA' redact=(708.0, 757.2, 758.5, 769.6) text_pos=(708.5, 768.0) font_size=8.00
2026-05-18 08:51:29,738 | INFO | Campo escrito: verified valor='PRUEBA' redact=(708.0, 771.4, 758.5, 783.7) text_pos=(708.5, 782.2) font_size=8.00
2026-05-18 08:51:29,744 | INFO | Campo escrito: reviewed valor='PRUEBA' redact=(708.0, 785.6, 758.5, 797.8) text_pos=(708.5, 796.4) font_size=8.00
2026-05-18 08:51:29,752 | INFO | Campo escrito: approved valor='PRUEBA' redact=(708.0, 799.8, 758.5, 812.0) text_pos=(708.5, 810.5) font_size=8.00
2026-05-18 08:51:29,760 | INFO | Campo escrito: control_plan_quality_specification valor='123456' redact=(254.0, 112.7, 368.2, 128.4) text_pos=(297.71, 124.3) font_size=8.00
2026-05-18 08:51:29,766 | INFO | Campo escrito: sheet_no valor='2' redact=(1104.5, 733.0, 1119.0, 745.9) text_pos=(1109.53, 741.9) font_size=8.00
2026-05-18 08:51:29,773 | INFO | Campo escrito: sheet_total valor='17' redact=(1128.0, 733.0, 1144.0, 745.9) text_pos=(1131.55, 741.9) font_size=8.00
2026-05-18 08:51:29,774 | INFO | Pagina procesada: archivo=A9BB0127276_R00_COLECCION.pdf pagina=3/17 formato=A3_LANDSCAPE
2026-05-18 08:51:29,779 | INFO | NUMERO PLANO escrito: pagina=3 tabla=1 fila=1 referencia=A9BB0127276-100-100 -> paginas=5, 6, 7 estado=exact_multiple redact=(1075.54, 45.79, 1128.94, 54.0) text_pos=(1096.68, 52.2) font_size=4.00
2026-05-18 08:51:29,789 | INFO | NUMERO PLANO escrito: pagina=3 tabla=1 fila=2 referencia=A9BB0127276-100-01 -> paginas=4 estado=exact_unique redact=(1075.54, 61.19, 1128.94, 69.4) text_pos=(1101.13, 67.6) font_size=4.00
2026-05-18 08:51:29,794 | INFO | Campo escrito: title    valor='PRUEBA' redact=(928.0, 675.5, 1161.0, 694.0) text_pos=(930.0, 690.0) font_size=8.00
2026-05-18 08:51:29,802 | INFO | Campo escrito: drawing_title valor='PRUEBA' redact=(928.0, 704.0, 1161.0, 722.0) text_pos=(930.0, 718.0) font_size=8.00
2026-05-18 08:51:29,810 | INFO | Campo escrito: drawn    valor='PRUEBA' redact=(708.0, 757.2, 758.5, 769.6) text_pos=(708.5, 768.0) font_size=8.00
2026-05-18 08:51:29,816 | INFO | Campo escrito: verified valor='PRUEBA' redact=(708.0, 771.4, 758.5, 783.7) text_pos=(708.5, 782.2) font_size=8.00
2026-05-18 08:51:29,823 | INFO | Campo escrito: reviewed valor='PRUEBA' redact=(708.0, 785.6, 758.5, 797.8) text_pos=(708.5, 796.4) font_size=8.00
2026-05-18 08:51:29,830 | INFO | Campo escrito: approved valor='PRUEBA' redact=(708.0, 799.8, 758.5, 812.0) text_pos=(708.5, 810.5) font_size=8.00
2026-05-18 08:51:29,837 | INFO | Campo escrito: control_plan_quality_specification valor='123456' redact=(254.0, 112.7, 368.2, 128.4) text_pos=(297.71, 124.3) font_size=8.00
2026-05-18 08:51:29,844 | INFO | Campo escrito: sheet_no valor='3' redact=(1104.5, 733.0, 1119.0, 745.9) text_pos=(1109.53, 741.9) font_size=8.00
2026-05-18 08:51:29,851 | INFO | Campo escrito: sheet_total valor='17' redact=(1128.0, 733.0, 1144.0, 745.9) text_pos=(1131.55, 741.9) font_size=8.00
2026-05-18 08:51:29,852 | INFO | Pagina procesada: archivo=A9BB0127276_R00_COLECCION.pdf pagina=4/17 formato=A4_PORTRAIT
2026-05-18 08:51:29,858 | INFO | NUMERO PLANO escrito: pagina=4 tabla=1 fila=1 referencia=A9BB0127276-100-01 -> paginas=4 estado=exact_unique redact=(480.26, 590.93, 533.66, 599.14) text_pos=(505.84, 597.34) font_size=4.00
2026-05-18 08:51:29,863 | INFO | Campo escrito: title    valor='PRUEBA' redact=(341.0, 676.0, 566.0, 694.0) text_pos=(343.0, 690.0) font_size=8.00
2026-05-18 08:51:29,867 | INFO | Campo escrito: drawing_title valor='PRUEBA' redact=(341.0, 704.0, 566.0, 722.0) text_pos=(343.0, 718.0) font_size=8.00
2026-05-18 08:51:29,871 | INFO | Campo escrito: drawn    valor='PRUEBA' redact=(126.0, 758.0, 177.0, 769.8) text_pos=(126.5, 768.3) font_size=8.00
2026-05-18 08:51:29,876 | INFO | Campo escrito: verified valor='PRUEBA' redact=(126.0, 772.1, 177.0, 783.9) text_pos=(126.5, 782.4) font_size=8.00
2026-05-18 08:51:29,880 | INFO | Campo escrito: reviewed valor='PRUEBA' redact=(126.0, 786.3, 177.0, 798.0) text_pos=(126.5, 796.5) font_size=8.00
2026-05-18 08:51:29,881 | INFO | Campo escrito: approved valor='PRUEBA' redact=(126.0, 800.4, 177.0, 812.2) text_pos=(126.5, 810.7) font_size=8.00
2026-05-18 08:51:29,889 | INFO | Campo escrito: control_plan_quality_specification valor='123456' redact=(240.4, 112.8, 356.6, 128.7) text_pos=(285.16, 124.8) font_size=8.00
2026-05-18 08:51:29,892 | INFO | Campo escrito: sheet_no valor='4' redact=(523.5, 733.6, 538.0, 746.4) text_pos=(528.53, 742.5) font_size=8.00
2026-05-18 08:51:29,899 | INFO | Campo escrito: sheet_total valor='17' redact=(546.8, 733.6, 562.0, 746.4) text_pos=(549.95, 742.5) font_size=8.00
2026-05-18 08:51:29,900 | INFO | Pagina procesada: archivo=A9BB0127276_R00_COLECCION.pdf pagina=5/17 formato=A3_LANDSCAPE
2026-05-18 08:51:29,907 | INFO | NUMERO PLANO escrito: pagina=5 tabla=1 fila=1 referencia=A9BB0127276-100-100-01 -> paginas=8 estado=exact_unique redact=(1075.54, 45.79, 1128.94, 54.0) text_pos=(1101.13, 52.2) font_size=4.00
2026-05-18 08:51:29,914 | INFO | NUMERO PLANO escrito: pagina=5 tabla=1 fila=2 referencia=A9BB0127276-100-100-02 -> paginas=9 estado=exact_unique redact=(1075.54, 61.19, 1128.94, 69.4) text_pos=(1101.13, 67.6) font_size=4.00
2026-05-18 08:51:29,919 | INFO | NUMERO PLANO escrito: pagina=5 tabla=1 fila=3 referencia=A9BB0127276-100-100-03 -> paginas=10 estado=exact_unique redact=(1075.54, 76.59, 1128.94, 84.8) text_pos=(1100.02, 83.0) font_size=4.00
2026-05-18 08:51:29,927 | INFO | NUMERO PLANO escrito: pagina=5 tabla=1 fila=4 referencia=A9BB0127276-100-100-04 -> paginas=11 estado=exact_unique redact=(1075.54, 91.99, 1128.94, 100.2) text_pos=(1100.02, 98.4) font_size=4.00
2026-05-18 08:51:29,929 | INFO | NUMERO PLANO escrito: pagina=5 tabla=1 fila=5 referencia=A9BB0127276-100-100-05 -> paginas=12 estado=exact_unique redact=(1075.54, 107.39, 1128.94, 115.6) text_pos=(1100.02, 113.8) font_size=4.00
2026-05-18 08:51:29,940 | INFO | Campo escrito: title    valor='PRUEBA' redact=(928.0, 675.5, 1161.0, 694.0) text_pos=(930.0, 690.0) font_size=8.00
2026-05-18 08:51:29,942 | INFO | Campo escrito: drawing_title valor='PRUEBA' redact=(928.0, 704.0, 1161.0, 722.0) text_pos=(930.0, 718.0) font_size=8.00
2026-05-18 08:51:29,955 | INFO | Campo escrito: drawn    valor='PRUEBA' redact=(708.0, 757.2, 758.5, 769.6) text_pos=(708.5, 768.0) font_size=8.00
2026-05-18 08:51:29,960 | INFO | Campo escrito: verified valor='PRUEBA' redact=(708.0, 771.4, 758.5, 783.7) text_pos=(708.5, 782.2) font_size=8.00
2026-05-18 08:51:29,970 | INFO | Campo escrito: reviewed valor='PRUEBA' redact=(708.0, 785.6, 758.5, 797.8) text_pos=(708.5, 796.4) font_size=8.00
2026-05-18 08:51:29,975 | INFO | Campo escrito: approved valor='PRUEBA' redact=(708.0, 799.8, 758.5, 812.0) text_pos=(708.5, 810.5) font_size=8.00
2026-05-18 08:51:29,984 | INFO | Campo escrito: control_plan_quality_specification valor='123456' redact=(254.0, 112.7, 368.2, 128.4) text_pos=(297.71, 124.3) font_size=8.00
2026-05-18 08:51:29,992 | INFO | Campo escrito: sheet_no valor='5' redact=(1104.5, 733.0, 1119.0, 745.9) text_pos=(1109.53, 741.9) font_size=8.00
2026-05-18 08:51:29,998 | INFO | Campo escrito: sheet_total valor='17' redact=(1128.0, 733.0, 1144.0, 745.9) text_pos=(1131.55, 741.9) font_size=8.00
2026-05-18 08:51:29,998 | INFO | Pagina procesada: archivo=A9BB0127276_R00_COLECCION.pdf pagina=6/17 formato=A3_LANDSCAPE
2026-05-18 08:51:30,006 | INFO | Campo escrito: title    valor='PRUEBA' redact=(928.0, 675.5, 1161.0, 694.0) text_pos=(930.0, 690.0) font_size=8.00
2026-05-18 08:51:30,012 | INFO | Campo escrito: drawing_title valor='PRUEBA' redact=(928.0, 704.0, 1161.0, 722.0) text_pos=(930.0, 718.0) font_size=8.00
2026-05-18 08:51:30,018 | INFO | Campo escrito: drawn    valor='PRUEBA' redact=(708.0, 757.2, 758.5, 769.6) text_pos=(708.5, 768.0) font_size=8.00
2026-05-18 08:51:30,023 | INFO | Campo escrito: verified valor='PRUEBA' redact=(708.0, 771.4, 758.5, 783.7) text_pos=(708.5, 782.2) font_size=8.00
2026-05-18 08:51:30,030 | INFO | Campo escrito: reviewed valor='PRUEBA' redact=(708.0, 785.6, 758.5, 797.8) text_pos=(708.5, 796.4) font_size=8.00
2026-05-18 08:51:30,033 | INFO | Campo escrito: approved valor='PRUEBA' redact=(708.0, 799.8, 758.5, 812.0) text_pos=(708.5, 810.5) font_size=8.00
2026-05-18 08:51:30,040 | INFO | Campo escrito: control_plan_quality_specification valor='123456' redact=(254.0, 112.7, 368.2, 128.4) text_pos=(297.71, 124.3) font_size=8.00
2026-05-18 08:51:30,044 | INFO | Campo escrito: sheet_no valor='6' redact=(1104.5, 733.0, 1119.0, 745.9) text_pos=(1109.53, 741.9) font_size=8.00
2026-05-18 08:51:30,052 | INFO | Campo escrito: sheet_total valor='17' redact=(1128.0, 733.0, 1144.0, 745.9) text_pos=(1131.55, 741.9) font_size=8.00
2026-05-18 08:51:30,052 | INFO | Pagina procesada: archivo=A9BB0127276_R00_COLECCION.pdf pagina=7/17 formato=A3_LANDSCAPE
2026-05-18 08:51:30,057 | INFO | Campo escrito: title    valor='PRUEBA' redact=(928.0, 675.5, 1161.0, 694.0) text_pos=(930.0, 690.0) font_size=8.00
2026-05-18 08:51:30,062 | INFO | Campo escrito: drawing_title valor='PRUEBA' redact=(928.0, 704.0, 1161.0, 722.0) text_pos=(930.0, 718.0) font_size=8.00
2026-05-18 08:51:30,065 | INFO | Campo escrito: drawn    valor='PRUEBA' redact=(708.0, 757.2, 758.5, 769.6) text_pos=(708.5, 768.0) font_size=8.00
2026-05-18 08:51:30,067 | INFO | Campo escrito: verified valor='PRUEBA' redact=(708.0, 771.4, 758.5, 783.7) text_pos=(708.5, 782.2) font_size=8.00
2026-05-18 08:51:30,073 | INFO | Campo escrito: reviewed valor='PRUEBA' redact=(708.0, 785.6, 758.5, 797.8) text_pos=(708.5, 796.4) font_size=8.00
2026-05-18 08:51:30,075 | INFO | Campo escrito: approved valor='PRUEBA' redact=(708.0, 799.8, 758.5, 812.0) text_pos=(708.5, 810.5) font_size=8.00
2026-05-18 08:51:30,081 | INFO | Campo escrito: control_plan_quality_specification valor='123456' redact=(254.0, 112.7, 368.2, 128.4) text_pos=(297.71, 124.3) font_size=8.00
2026-05-18 08:51:30,084 | INFO | Campo escrito: sheet_no valor='7' redact=(1104.5, 733.0, 1119.0, 745.9) text_pos=(1109.53, 741.9) font_size=8.00
2026-05-18 08:51:30,087 | INFO | Campo escrito: sheet_total valor='17' redact=(1128.0, 733.0, 1144.0, 745.9) text_pos=(1131.55, 741.9) font_size=8.00
2026-05-18 08:51:30,087 | INFO | Pagina procesada: archivo=A9BB0127276_R00_COLECCION.pdf pagina=8/17 formato=A4_PORTRAIT
2026-05-18 08:51:30,094 | INFO | NUMERO PLANO escrito: pagina=8 tabla=1 fila=1 referencia=A9BB0127276-100-100-01 -> paginas=8 estado=exact_unique redact=(479.96, 590.84, 533.36, 599.05) text_pos=(505.55, 597.25) font_size=4.00
2026-05-18 08:51:30,097 | INFO | Campo escrito: title    valor='PRUEBA' redact=(341.0, 676.0, 566.0, 694.0) text_pos=(343.0, 690.0) font_size=8.00
2026-05-18 08:51:30,099 | INFO | Campo escrito: drawing_title valor='PRUEBA' redact=(341.0, 704.0, 566.0, 722.0) text_pos=(343.0, 718.0) font_size=8.00
2026-05-18 08:51:30,099 | INFO | Campo escrito: drawn    valor='PRUEBA' redact=(126.0, 758.0, 177.0, 769.8) text_pos=(126.5, 768.3) font_size=8.00
2026-05-18 08:51:30,110 | INFO | Campo escrito: verified valor='PRUEBA' redact=(126.0, 772.1, 177.0, 783.9) text_pos=(126.5, 782.4) font_size=8.00
2026-05-18 08:51:30,114 | INFO | Campo escrito: reviewed valor='PRUEBA' redact=(126.0, 786.3, 177.0, 798.0) text_pos=(126.5, 796.5) font_size=8.00
2026-05-18 08:51:30,115 | INFO | Campo escrito: approved valor='PRUEBA' redact=(126.0, 800.4, 177.0, 812.2) text_pos=(126.5, 810.7) font_size=8.00
2026-05-18 08:51:30,121 | INFO | Campo escrito: control_plan_quality_specification valor='123456' redact=(240.4, 112.8, 356.6, 128.7) text_pos=(285.16, 124.8) font_size=8.00
2026-05-18 08:51:30,125 | INFO | Campo escrito: sheet_no valor='8' redact=(523.5, 733.6, 538.0, 746.4) text_pos=(528.53, 742.5) font_size=8.00
2026-05-18 08:51:30,130 | INFO | Campo escrito: sheet_total valor='17' redact=(546.8, 733.6, 562.0, 746.4) text_pos=(549.95, 742.5) font_size=8.00
2026-05-18 08:51:30,130 | INFO | Pagina procesada: archivo=A9BB0127276_R00_COLECCION.pdf pagina=9/17 formato=A4_PORTRAIT
2026-05-18 08:51:30,135 | INFO | NUMERO PLANO escrito: pagina=9 tabla=1 fila=1 referencia=A9BB0127276-100-100-02 -> paginas=9 estado=exact_unique redact=(480.0, 590.91, 533.4, 599.12) text_pos=(505.59, 597.32) font_size=4.00
2026-05-18 08:51:30,138 | INFO | Campo escrito: title    valor='PRUEBA' redact=(341.0, 676.0, 566.0, 694.0) text_pos=(343.0, 690.0) font_size=8.00
2026-05-18 08:51:30,142 | INFO | Campo escrito: drawing_title valor='PRUEBA' redact=(341.0, 704.0, 566.0, 722.0) text_pos=(343.0, 718.0) font_size=8.00
2026-05-18 08:51:30,148 | INFO | Campo escrito: drawn    valor='PRUEBA' redact=(126.0, 758.0, 177.0, 769.8) text_pos=(126.5, 768.3) font_size=8.00
2026-05-18 08:51:30,152 | INFO | Campo escrito: verified valor='PRUEBA' redact=(126.0, 772.1, 177.0, 783.9) text_pos=(126.5, 782.4) font_size=8.00
2026-05-18 08:51:30,156 | INFO | Campo escrito: reviewed valor='PRUEBA' redact=(126.0, 786.3, 177.0, 798.0) text_pos=(126.5, 796.5) font_size=8.00
2026-05-18 08:51:30,160 | INFO | Campo escrito: approved valor='PRUEBA' redact=(126.0, 800.4, 177.0, 812.2) text_pos=(126.5, 810.7) font_size=8.00
2026-05-18 08:51:30,165 | INFO | Campo escrito: control_plan_quality_specification valor='123456' redact=(240.4, 112.8, 356.6, 128.7) text_pos=(285.16, 124.8) font_size=8.00
2026-05-18 08:51:30,167 | INFO | Campo escrito: sheet_no valor='9' redact=(523.5, 733.6, 538.0, 746.4) text_pos=(528.53, 742.5) font_size=8.00
2026-05-18 08:51:30,174 | INFO | Campo escrito: sheet_total valor='17' redact=(546.8, 733.6, 562.0, 746.4) text_pos=(549.95, 742.5) font_size=8.00
2026-05-18 08:51:30,174 | INFO | Pagina procesada: archivo=A9BB0127276_R00_COLECCION.pdf pagina=10/17 formato=A4_PORTRAIT
2026-05-18 08:51:30,180 | INFO | NUMERO PLANO escrito: pagina=10 tabla=1 fila=1 referencia=A9BB0127276-100-100-03 -> paginas=10 estado=exact_unique redact=(480.03, 590.58, 533.43, 598.79) text_pos=(504.51, 596.99) font_size=4.00
2026-05-18 08:51:30,186 | INFO | Campo escrito: title    valor='PRUEBA' redact=(341.0, 676.0, 566.0, 694.0) text_pos=(343.0, 690.0) font_size=8.00
2026-05-18 08:51:30,192 | INFO | Campo escrito: drawing_title valor='PRUEBA' redact=(341.0, 704.0, 566.0, 722.0) text_pos=(343.0, 718.0) font_size=8.00
2026-05-18 08:51:30,197 | INFO | Campo escrito: drawn    valor='PRUEBA' redact=(126.0, 758.0, 177.0, 769.8) text_pos=(126.5, 768.3) font_size=8.00
2026-05-18 08:51:30,203 | INFO | Campo escrito: verified valor='PRUEBA' redact=(126.0, 772.1, 177.0, 783.9) text_pos=(126.5, 782.4) font_size=8.00
2026-05-18 08:51:30,208 | INFO | Campo escrito: reviewed valor='PRUEBA' redact=(126.0, 786.3, 177.0, 798.0) text_pos=(126.5, 796.5) font_size=8.00
2026-05-18 08:51:30,214 | INFO | Campo escrito: approved valor='PRUEBA' redact=(126.0, 800.4, 177.0, 812.2) text_pos=(126.5, 810.7) font_size=8.00
2026-05-18 08:51:30,218 | INFO | Campo escrito: control_plan_quality_specification valor='123456' redact=(240.4, 112.8, 356.6, 128.7) text_pos=(285.16, 124.8) font_size=8.00
2026-05-18 08:51:30,227 | INFO | Campo escrito: sheet_no valor='10' redact=(523.5, 733.6, 538.0, 746.4) text_pos=(526.3, 742.5) font_size=8.00
2026-05-18 08:51:30,229 | INFO | Campo escrito: sheet_total valor='17' redact=(546.8, 733.6, 562.0, 746.4) text_pos=(549.95, 742.5) font_size=8.00
2026-05-18 08:51:30,229 | INFO | Pagina procesada: archivo=A9BB0127276_R00_COLECCION.pdf pagina=11/17 formato=A4_PORTRAIT
2026-05-18 08:51:30,237 | INFO | NUMERO PLANO escrito: pagina=11 tabla=1 fila=1 referencia=A9BB0127276-100-100-04 -> paginas=11 estado=exact_unique redact=(480.1, 591.11, 533.5, 599.32) text_pos=(504.57, 597.52) font_size=4.00
2026-05-18 08:51:30,243 | INFO | Campo escrito: title    valor='PRUEBA' redact=(341.0, 676.0, 566.0, 694.0) text_pos=(343.0, 690.0) font_size=8.00
2026-05-18 08:51:30,247 | INFO | Campo escrito: drawing_title valor='PRUEBA' redact=(341.0, 704.0, 566.0, 722.0) text_pos=(343.0, 718.0) font_size=8.00
2026-05-18 08:51:30,250 | INFO | Campo escrito: drawn    valor='PRUEBA' redact=(126.0, 758.0, 177.0, 769.8) text_pos=(126.5, 768.3) font_size=8.00
2026-05-18 08:51:30,255 | INFO | Campo escrito: verified valor='PRUEBA' redact=(126.0, 772.1, 177.0, 783.9) text_pos=(126.5, 782.4) font_size=8.00
2026-05-18 08:51:30,259 | INFO | Campo escrito: reviewed valor='PRUEBA' redact=(126.0, 786.3, 177.0, 798.0) text_pos=(126.5, 796.5) font_size=8.00
2026-05-18 08:51:30,263 | INFO | Campo escrito: approved valor='PRUEBA' redact=(126.0, 800.4, 177.0, 812.2) text_pos=(126.5, 810.7) font_size=8.00
2026-05-18 08:51:30,266 | INFO | Campo escrito: control_plan_quality_specification valor='123456' redact=(240.4, 112.8, 356.6, 128.7) text_pos=(285.16, 124.8) font_size=8.00
2026-05-18 08:51:30,269 | INFO | Campo escrito: sheet_no valor='11' redact=(523.5, 733.6, 538.0, 746.4) text_pos=(526.3, 742.5) font_size=8.00
2026-05-18 08:51:30,275 | INFO | Campo escrito: sheet_total valor='17' redact=(546.8, 733.6, 562.0, 746.4) text_pos=(549.95, 742.5) font_size=8.00
2026-05-18 08:51:30,276 | INFO | Pagina procesada: archivo=A9BB0127276_R00_COLECCION.pdf pagina=12/17 formato=A4_PORTRAIT
2026-05-18 08:51:30,280 | INFO | NUMERO PLANO escrito: pagina=12 tabla=1 fila=1 referencia=A9BB0127276-100-100-05 -> paginas=12 estado=exact_unique redact=(479.89, 591.1, 533.29, 599.31) text_pos=(504.37, 597.51) font_size=4.00
2026-05-18 08:51:30,284 | INFO | Campo escrito: title    valor='PRUEBA' redact=(341.0, 676.0, 566.0, 694.0) text_pos=(343.0, 690.0) font_size=8.00
2026-05-18 08:51:30,287 | INFO | Campo escrito: drawing_title valor='PRUEBA' redact=(341.0, 704.0, 566.0, 722.0) text_pos=(343.0, 718.0) font_size=8.00
2026-05-18 08:51:30,293 | INFO | Campo escrito: drawn    valor='PRUEBA' redact=(126.0, 758.0, 177.0, 769.8) text_pos=(126.5, 768.3) font_size=8.00
2026-05-18 08:51:30,296 | INFO | Campo escrito: verified valor='PRUEBA' redact=(126.0, 772.1, 177.0, 783.9) text_pos=(126.5, 782.4) font_size=8.00
2026-05-18 08:51:30,300 | INFO | Campo escrito: reviewed valor='PRUEBA' redact=(126.0, 786.3, 177.0, 798.0) text_pos=(126.5, 796.5) font_size=8.00
2026-05-18 08:51:30,304 | INFO | Campo escrito: approved valor='PRUEBA' redact=(126.0, 800.4, 177.0, 812.2) text_pos=(126.5, 810.7) font_size=8.00
2026-05-18 08:51:30,309 | INFO | Campo escrito: control_plan_quality_specification valor='123456' redact=(240.4, 112.8, 356.6, 128.7) text_pos=(285.16, 124.8) font_size=8.00
2026-05-18 08:51:30,313 | INFO | Campo escrito: sheet_no valor='12' redact=(523.5, 733.6, 538.0, 746.4) text_pos=(526.3, 742.5) font_size=8.00
2026-05-18 08:51:30,315 | INFO | Campo escrito: sheet_total valor='17' redact=(546.8, 733.6, 562.0, 746.4) text_pos=(549.95, 742.5) font_size=8.00
2026-05-18 08:51:30,315 | INFO | Pagina procesada: archivo=A9BB0127276_R00_COLECCION.pdf pagina=13/17 formato=A4_PORTRAIT
2026-05-18 08:51:30,324 | INFO | NUMERO PLANO escrito: pagina=13 tabla=1 fila=1 referencia=A9BB0127276-200-01 -> paginas=14 estado=exact_unique redact=(480.19, 575.79, 533.58, 584.01) text_pos=(504.66, 582.21) font_size=4.00
2026-05-18 08:51:30,329 | INFO | NUMERO PLANO escrito: pagina=13 tabla=1 fila=2 referencia=A9BB0127276-200-02 -> paginas=15 estado=exact_unique redact=(480.19, 591.19, 533.58, 599.4) text_pos=(504.66, 597.6) font_size=4.00
2026-05-18 08:51:30,332 | INFO | Campo escrito: title    valor='PRUEBA' redact=(341.0, 676.0, 566.0, 694.0) text_pos=(343.0, 690.0) font_size=8.00
2026-05-18 08:51:30,336 | INFO | Campo escrito: drawing_title valor='PRUEBA' redact=(341.0, 704.0, 566.0, 722.0) text_pos=(343.0, 718.0) font_size=8.00
2026-05-18 08:51:30,342 | INFO | Campo escrito: drawn    valor='PRUEBA' redact=(126.0, 758.0, 177.0, 769.8) text_pos=(126.5, 768.3) font_size=8.00
2026-05-18 08:51:30,346 | INFO | Campo escrito: verified valor='PRUEBA' redact=(126.0, 772.1, 177.0, 783.9) text_pos=(126.5, 782.4) font_size=8.00
2026-05-18 08:51:30,352 | INFO | Campo escrito: reviewed valor='PRUEBA' redact=(126.0, 786.3, 177.0, 798.0) text_pos=(126.5, 796.5) font_size=8.00
2026-05-18 08:51:30,357 | INFO | Campo escrito: approved valor='PRUEBA' redact=(126.0, 800.4, 177.0, 812.2) text_pos=(126.5, 810.7) font_size=8.00
2026-05-18 08:51:30,362 | INFO | Campo escrito: control_plan_quality_specification valor='123456' redact=(240.4, 112.8, 356.6, 128.7) text_pos=(285.16, 124.8) font_size=8.00
2026-05-18 08:51:30,367 | INFO | Campo escrito: sheet_no valor='13' redact=(523.5, 733.6, 538.0, 746.4) text_pos=(526.3, 742.5) font_size=8.00
2026-05-18 08:51:30,373 | INFO | Campo escrito: sheet_total valor='17' redact=(546.8, 733.6, 562.0, 746.4) text_pos=(549.95, 742.5) font_size=8.00
2026-05-18 08:51:30,373 | INFO | Pagina procesada: archivo=A9BB0127276_R00_COLECCION.pdf pagina=14/17 formato=A4_PORTRAIT
2026-05-18 08:51:30,380 | INFO | NUMERO PLANO escrito: pagina=14 tabla=1 fila=1 referencia=A9BB0127276-200-01 -> paginas=14 estado=exact_unique redact=(480.33, 590.33, 533.73, 598.55) text_pos=(504.8, 596.75) font_size=4.00
2026-05-18 08:51:30,384 | INFO | Campo escrito: title    valor='PRUEBA' redact=(341.0, 676.0, 566.0, 694.0) text_pos=(343.0, 690.0) font_size=8.00
2026-05-18 08:51:30,389 | INFO | Campo escrito: drawing_title valor='PRUEBA' redact=(341.0, 704.0, 566.0, 722.0) text_pos=(343.0, 718.0) font_size=8.00
2026-05-18 08:51:30,395 | INFO | Campo escrito: drawn    valor='PRUEBA' redact=(126.0, 758.0, 177.0, 769.8) text_pos=(126.5, 768.3) font_size=8.00
2026-05-18 08:51:30,398 | INFO | Campo escrito: verified valor='PRUEBA' redact=(126.0, 772.1, 177.0, 783.9) text_pos=(126.5, 782.4) font_size=8.00
2026-05-18 08:51:30,402 | INFO | Campo escrito: reviewed valor='PRUEBA' redact=(126.0, 786.3, 177.0, 798.0) text_pos=(126.5, 796.5) font_size=8.00
2026-05-18 08:51:30,407 | INFO | Campo escrito: approved valor='PRUEBA' redact=(126.0, 800.4, 177.0, 812.2) text_pos=(126.5, 810.7) font_size=8.00
2026-05-18 08:51:30,413 | INFO | Campo escrito: control_plan_quality_specification valor='123456' redact=(240.4, 112.8, 356.6, 128.7) text_pos=(285.16, 124.8) font_size=8.00
2026-05-18 08:51:30,417 | INFO | Campo escrito: sheet_no valor='14' redact=(523.5, 733.6, 538.0, 746.4) text_pos=(526.3, 742.5) font_size=8.00
2026-05-18 08:51:30,419 | INFO | Campo escrito: sheet_total valor='17' redact=(546.8, 733.6, 562.0, 746.4) text_pos=(549.95, 742.5) font_size=8.00
2026-05-18 08:51:30,419 | INFO | Pagina procesada: archivo=A9BB0127276_R00_COLECCION.pdf pagina=15/17 formato=A4_PORTRAIT
2026-05-18 08:51:30,428 | INFO | NUMERO PLANO escrito: pagina=15 tabla=1 fila=1 referencia=A9BB0127276-200-02 -> paginas=15 estado=exact_unique redact=(480.04, 591.09, 533.44, 599.3) text_pos=(504.51, 597.5) font_size=4.00
2026-05-18 08:51:30,464 | INFO | Campo escrito: title    valor='PRUEBA' redact=(341.0, 676.0, 566.0, 694.0) text_pos=(343.0, 690.0) font_size=8.00
2026-05-18 08:51:30,473 | INFO | Campo escrito: drawing_title valor='PRUEBA' redact=(341.0, 704.0, 566.0, 722.0) text_pos=(343.0, 718.0) font_size=8.00
2026-05-18 08:51:30,478 | INFO | Campo escrito: drawn    valor='PRUEBA' redact=(126.0, 758.0, 177.0, 769.8) text_pos=(126.5, 768.3) font_size=8.00
2026-05-18 08:51:30,491 | INFO | Campo escrito: verified valor='PRUEBA' redact=(126.0, 772.1, 177.0, 783.9) text_pos=(126.5, 782.4) font_size=8.00
2026-05-18 08:51:30,494 | INFO | Campo escrito: reviewed valor='PRUEBA' redact=(126.0, 786.3, 177.0, 798.0) text_pos=(126.5, 796.5) font_size=8.00
2026-05-18 08:51:30,501 | INFO | Campo escrito: approved valor='PRUEBA' redact=(126.0, 800.4, 177.0, 812.2) text_pos=(126.5, 810.7) font_size=8.00
2026-05-18 08:51:30,506 | INFO | Campo escrito: control_plan_quality_specification valor='123456' redact=(240.4, 112.8, 356.6, 128.7) text_pos=(285.16, 124.8) font_size=8.00
2026-05-18 08:51:30,512 | INFO | Campo escrito: sheet_no valor='15' redact=(523.5, 733.6, 538.0, 746.4) text_pos=(526.3, 742.5) font_size=8.00
2026-05-18 08:51:30,518 | INFO | Campo escrito: sheet_total valor='17' redact=(546.8, 733.6, 562.0, 746.4) text_pos=(549.95, 742.5) font_size=8.00
2026-05-18 08:51:30,518 | INFO | Pagina procesada: archivo=A9BB0127276_R00_COLECCION.pdf pagina=16/17 formato=A4_PORTRAIT
2026-05-18 08:51:30,524 | INFO | NUMERO PLANO escrito: pagina=16 tabla=1 fila=1 referencia=A9BB0127276-300-01 -> paginas=17 estado=exact_unique redact=(480.19, 575.79, 533.58, 584.01) text_pos=(504.66, 582.21) font_size=4.00
2026-05-18 08:51:30,529 | INFO | NUMERO PLANO escrito: pagina=16 tabla=1 fila=2 referencia=A9BB0127276-200-02 -> paginas=15 estado=exact_unique redact=(480.19, 591.19, 533.58, 599.4) text_pos=(504.66, 597.6) font_size=4.00
2026-05-18 08:51:30,533 | INFO | Campo escrito: title    valor='PRUEBA' redact=(341.0, 676.0, 566.0, 694.0) text_pos=(343.0, 690.0) font_size=8.00
2026-05-18 08:51:30,539 | INFO | Campo escrito: drawing_title valor='PRUEBA' redact=(341.0, 704.0, 566.0, 722.0) text_pos=(343.0, 718.0) font_size=8.00
2026-05-18 08:51:30,542 | INFO | Campo escrito: drawn    valor='PRUEBA' redact=(126.0, 758.0, 177.0, 769.8) text_pos=(126.5, 768.3) font_size=8.00
2026-05-18 08:51:30,549 | INFO | Campo escrito: verified valor='PRUEBA' redact=(126.0, 772.1, 177.0, 783.9) text_pos=(126.5, 782.4) font_size=8.00
2026-05-18 08:51:30,554 | INFO | Campo escrito: reviewed valor='PRUEBA' redact=(126.0, 786.3, 177.0, 798.0) text_pos=(126.5, 796.5) font_size=8.00
2026-05-18 08:51:30,558 | INFO | Campo escrito: approved valor='PRUEBA' redact=(126.0, 800.4, 177.0, 812.2) text_pos=(126.5, 810.7) font_size=8.00
2026-05-18 08:51:30,562 | INFO | Campo escrito: control_plan_quality_specification valor='123456' redact=(240.4, 112.8, 356.6, 128.7) text_pos=(285.16, 124.8) font_size=8.00
2026-05-18 08:51:30,565 | INFO | Campo escrito: sheet_no valor='16' redact=(523.5, 733.6, 538.0, 746.4) text_pos=(526.3, 742.5) font_size=8.00
2026-05-18 08:51:30,571 | INFO | Campo escrito: sheet_total valor='17' redact=(546.8, 733.6, 562.0, 746.4) text_pos=(549.95, 742.5) font_size=8.00
2026-05-18 08:51:30,572 | INFO | Pagina procesada: archivo=A9BB0127276_R00_COLECCION.pdf pagina=17/17 formato=A4_PORTRAIT
2026-05-18 08:51:30,578 | INFO | NUMERO PLANO escrito: pagina=17 tabla=1 fila=1 referencia=A9BB0127276-300-01 -> paginas=17 estado=exact_unique redact=(480.14, 591.17, 533.54, 599.38) text_pos=(504.62, 597.58) font_size=4.00
2026-05-18 08:51:30,582 | INFO | Campo escrito: title    valor='PRUEBA' redact=(341.0, 676.0, 566.0, 694.0) text_pos=(343.0, 690.0) font_size=8.00
2026-05-18 08:51:30,586 | INFO | Campo escrito: drawing_title valor='PRUEBA' redact=(341.0, 704.0, 566.0, 722.0) text_pos=(343.0, 718.0) font_size=8.00
2026-05-18 08:51:30,591 | INFO | Campo escrito: drawn    valor='PRUEBA' redact=(126.0, 758.0, 177.0, 769.8) text_pos=(126.5, 768.3) font_size=8.00
2026-05-18 08:51:30,595 | INFO | Campo escrito: verified valor='PRUEBA' redact=(126.0, 772.1, 177.0, 783.9) text_pos=(126.5, 782.4) font_size=8.00
2026-05-18 08:51:30,600 | INFO | Campo escrito: reviewed valor='PRUEBA' redact=(126.0, 786.3, 177.0, 798.0) text_pos=(126.5, 796.5) font_size=8.00
2026-05-18 08:51:30,604 | INFO | Campo escrito: approved valor='PRUEBA' redact=(126.0, 800.4, 177.0, 812.2) text_pos=(126.5, 810.7) font_size=8.00
2026-05-18 08:51:30,611 | INFO | Campo escrito: control_plan_quality_specification valor='123456' redact=(240.4, 112.8, 356.6, 128.7) text_pos=(285.16, 124.8) font_size=8.00
2026-05-18 08:51:30,615 | INFO | Campo escrito: sheet_no valor='17' redact=(523.5, 733.6, 538.0, 746.4) text_pos=(526.3, 742.5) font_size=8.00
2026-05-18 08:51:30,618 | INFO | Campo escrito: sheet_total valor='17' redact=(546.8, 733.6, 562.0, 746.4) text_pos=(549.95, 742.5) font_size=8.00
2026-05-18 08:51:30,716 | INFO | PDF modificado guardado: C:\Proyectos\Oficina Técnica\Modificación PDFs\eper_drawing_editor\output_pdfs\A9BB0127276_R00_COLECCION.pdf
2026-05-18 08:51:30,716 | INFO | Proceso terminado.
